<?xml version="1.0" encoding="UTF-8"?>
<!-- Generated by org.testng.reporters.JUnitReportReporter -->
<testsuite hostname="DESKTOP-MAPQ770" failures="0" tests="3" name="test.Trail2Test" time="4.161" errors="0" timestamp="19 Jul 2022 04:59:10 GMT">
  <testcase classname="test.Trail2Test" name="abcTest" time="4.158"/>
  <testcase classname="test.Trail2Test" name="hello" time="0.001"/>
  <testcase classname="test.Trail2Test" name="hello1" time="0.002"/>
</testsuite> <!-- test.Trail2Test -->
